<?xml version="1.0" encoding="UTF-8"?>
<!-- Generated by org.testng.reporters.JUnitReportReporter -->
<testsuite hostname="IBM-PF3HYJCH" failures="0" tests="1" name="APIProject.RestAssuredAPIProject$day1" time="2.891" errors="0" timestamp="30 May 2022 12:20:33 GMT" skipped="0">
  <testcase classname="APIProject.RestAssuredAPIProject$day1" name="deleteMethod404" time="2.891"/>
</testsuite> <!-- APIProject.RestAssuredAPIProject$day1 -->
